<?xml version="1.0" encoding="UTF-8"?>
<testsuite name="ru.stqa.pft.addressbook.tests.initContactModification" tests="1" skipped="0" failures="0" errors="0" timestamp="2019-11-05T05:43:24" hostname="spbnb-prc1529" time="3.546">
  <properties/>
  <testcase name="testContactModification" classname="ru.stqa.pft.addressbook.tests.initContactModification" time="3.546"/>
  <system-out><![CDATA[]]></system-out>
  <system-err><![CDATA[Starting ChromeDriver 77.0.3865.40 (f484704e052e0b556f8030b65b953dce96503217-refs/branch-heads/3865@{#442}) on port 8353
Only local connections are allowed.
Please protect ports used by ChromeDriver and related test frameworks to prevent access by malicious code.
[1572932601.219][WARNING]: Timed out connecting to Chrome, retrying...
Nov 05, 2019 8:43:23 AM org.openqa.selenium.remote.ProtocolHandshake createSession
INFO: Detected dialect: W3C
]]></system-err>
</testsuite>
